2021-12-02 16:05:53.967 [INFO ] o.s.boot.SpringApplication               : 
 ________  ________  ___
|\   ____\|\   __  \|\  \
\ \  \___|\ \  \|\  \ \  \
 \ \  \  __\ \  \\\  \ \  \
  \ \  \|\  \ \  \\\  \ \__\
   \ \_______\ \_______\|__|
    \|_______|\|_______|   ___
                          |\__\
                          \|__|

   我在人间彷徨，寻不到你的天堂

spring-boot版本: 2.1.5.RELEASE

2021-12-02 16:05:54.102 [INFO ] c.s.s.h.HtapitojectApplication           : Starting HtapitojectApplication on Magic-20190712 with PID 12908 (D:\IdeaProjects\bigscreen\htapitoproject\target\classes started by lt in D:\IdeaProjects\bigscreen\htapitoproject)
2021-12-02 16:05:54.104 [INFO ] c.s.s.h.HtapitojectApplication           : No active profile set, falling back to default profiles: default
2021-12-02 16:05:55.876 [INFO ] o.s.b.w.embedded.tomcat.TomcatWebServer  : Tomcat initialized with port(s): 8902 (http)
2021-12-02 16:05:55.897 [INFO ] o.a.coyote.http11.Http11NioProtocol      : Initializing ProtocolHandler ["http-nio-8902"]
2021-12-02 16:05:55.911 [INFO ] o.apache.catalina.core.StandardService   : Starting service [Tomcat]
2021-12-02 16:05:55.912 [INFO ] org.apache.catalina.core.StandardEngine  : Starting Servlet engine: [Apache Tomcat/9.0.19]
2021-12-02 16:05:56.105 [INFO ] o.a.c.c.C.[Tomcat].[localhost].[/]       : Initializing Spring embedded WebApplicationContext
2021-12-02 16:05:56.106 [INFO ] o.s.web.context.ContextLoader            : Root WebApplicationContext: initialization completed in 1930 ms
2021-12-02 16:05:56.642 [INFO ] com.mchange.v2.log.MLog                  : MLog clients using slf4j logging.
2021-12-02 16:05:56.700 [INFO ] com.mchange.v2.c3p0.C3P0Registry         : Initializing c3p0-0.9.5.2 [built 08-December-2015 22:06:04 -0800; debug? true; trace: 10]
2021-12-02 16:05:57.038 [INFO ] o.s.s.concurrent.ThreadPoolTaskExecutor  : Initializing ExecutorService 'applicationTaskExecutor'
2021-12-02 16:05:57.298 [INFO ] o.s.s.c.ThreadPoolTaskScheduler          : Initializing ExecutorService 'taskScheduler'
2021-12-02 16:05:57.375 [INFO ] o.a.coyote.http11.Http11NioProtocol      : Starting ProtocolHandler ["http-nio-8902"]
2021-12-02 16:05:57.424 [INFO ] o.s.b.w.embedded.tomcat.TomcatWebServer  : Tomcat started on port(s): 8902 (http) with context path ''
2021-12-02 16:05:57.428 [INFO ] c.s.s.h.HtapitojectApplication           : Started HtapitojectApplication in 4.044 seconds (JVM running for 7.469)
2021-12-02 16:06:12.039 [INFO ] o.s.s.c.ThreadPoolTaskScheduler          : Shutting down ExecutorService 'taskScheduler'
2021-12-02 16:06:12.041 [INFO ] o.s.s.concurrent.ThreadPoolTaskExecutor  : Shutting down ExecutorService 'applicationTaskExecutor'
