2021-11-24 11:02:24.980 [INFO ] o.s.boot.SpringApplication               : 
 ________  ________  ___
|\   ____\|\   __  \|\  \
\ \  \___|\ \  \|\  \ \  \
 \ \  \  __\ \  \\\  \ \  \
  \ \  \|\  \ \  \\\  \ \__\
   \ \_______\ \_______\|__|
    \|_______|\|_______|   ___
                          |\__\
                          \|__|

   我在人间彷徨，寻不到你的天堂

spring-boot版本: 2.1.5.RELEASE

2021-11-24 11:02:25.082 [INFO ] c.s.s.h.HtapitojectApplication           : Starting HtapitojectApplication on Magic-20190712 with PID 12412 (D:\IdeaProjects\bigscreen\htapitoproject\target\classes started by lt in D:\IdeaProjects\bigscreen\htapitoproject)
2021-11-24 11:02:25.083 [INFO ] c.s.s.h.HtapitojectApplication           : No active profile set, falling back to default profiles: default
2021-11-24 11:02:26.575 [INFO ] o.s.b.w.embedded.tomcat.TomcatWebServer  : Tomcat initialized with port(s): 8902 (http)
2021-11-24 11:02:26.591 [INFO ] o.a.coyote.http11.Http11NioProtocol      : Initializing ProtocolHandler ["http-nio-8902"]
2021-11-24 11:02:26.603 [INFO ] o.apache.catalina.core.StandardService   : Starting service [Tomcat]
2021-11-24 11:02:26.604 [INFO ] org.apache.catalina.core.StandardEngine  : Starting Servlet engine: [Apache Tomcat/9.0.19]
2021-11-24 11:02:26.742 [INFO ] o.a.c.c.C.[Tomcat].[localhost].[/]       : Initializing Spring embedded WebApplicationContext
2021-11-24 11:02:26.743 [INFO ] o.s.web.context.ContextLoader            : Root WebApplicationContext: initialization completed in 1605 ms
2021-11-24 11:02:27.282 [INFO ] com.mchange.v2.log.MLog                  : MLog clients using slf4j logging.
2021-11-24 11:02:27.316 [INFO ] com.mchange.v2.c3p0.C3P0Registry         : Initializing c3p0-0.9.5.2 [built 08-December-2015 22:06:04 -0800; debug? true; trace: 10]
2021-11-24 11:02:27.680 [INFO ] o.s.s.concurrent.ThreadPoolTaskExecutor  : Initializing ExecutorService 'applicationTaskExecutor'
2021-11-24 11:02:27.973 [INFO ] o.s.s.c.ThreadPoolTaskScheduler          : Initializing ExecutorService 'taskScheduler'
2021-11-24 11:02:28.034 [INFO ] o.a.coyote.http11.Http11NioProtocol      : Starting ProtocolHandler ["http-nio-8902"]
2021-11-24 11:02:28.080 [INFO ] o.s.b.w.embedded.tomcat.TomcatWebServer  : Tomcat started on port(s): 8902 (http) with context path ''
2021-11-24 11:02:28.084 [INFO ] c.s.s.h.HtapitojectApplication           : Started HtapitojectApplication in 3.564 seconds (JVM running for 5.972)
2021-11-24 14:54:21.492 [INFO ] o.s.boot.SpringApplication               : 
 ________  ________  ___
|\   ____\|\   __  \|\  \
\ \  \___|\ \  \|\  \ \  \
 \ \  \  __\ \  \\\  \ \  \
  \ \  \|\  \ \  \\\  \ \__\
   \ \_______\ \_______\|__|
    \|_______|\|_______|   ___
                          |\__\
                          \|__|

   我在人间彷徨，寻不到你的天堂

spring-boot版本: 2.1.5.RELEASE

2021-11-24 14:54:21.615 [INFO ] c.s.s.h.HtapitojectApplication           : Starting HtapitojectApplication on Magic-20190712 with PID 15772 (D:\IdeaProjects\bigscreen\htapitoproject\target\classes started by lt in D:\IdeaProjects\bigscreen\htapitoproject)
2021-11-24 14:54:21.616 [INFO ] c.s.s.h.HtapitojectApplication           : No active profile set, falling back to default profiles: default
2021-11-24 14:54:23.395 [INFO ] o.s.b.w.embedded.tomcat.TomcatWebServer  : Tomcat initialized with port(s): 8902 (http)
2021-11-24 14:54:23.421 [INFO ] o.a.coyote.http11.Http11NioProtocol      : Initializing ProtocolHandler ["http-nio-8902"]
2021-11-24 14:54:23.438 [INFO ] o.apache.catalina.core.StandardService   : Starting service [Tomcat]
2021-11-24 14:54:23.439 [INFO ] org.apache.catalina.core.StandardEngine  : Starting Servlet engine: [Apache Tomcat/9.0.19]
2021-11-24 14:54:23.630 [INFO ] o.a.c.c.C.[Tomcat].[localhost].[/]       : Initializing Spring embedded WebApplicationContext
2021-11-24 14:54:23.631 [INFO ] o.s.web.context.ContextLoader            : Root WebApplicationContext: initialization completed in 1956 ms
2021-11-24 14:54:24.211 [INFO ] com.mchange.v2.log.MLog                  : MLog clients using slf4j logging.
2021-11-24 14:54:24.267 [INFO ] com.mchange.v2.c3p0.C3P0Registry         : Initializing c3p0-0.9.5.2 [built 08-December-2015 22:06:04 -0800; debug? true; trace: 10]
2021-11-24 14:54:24.713 [INFO ] o.s.s.concurrent.ThreadPoolTaskExecutor  : Initializing ExecutorService 'applicationTaskExecutor'
2021-11-24 14:54:25.020 [INFO ] o.s.s.c.ThreadPoolTaskScheduler          : Initializing ExecutorService 'taskScheduler'
2021-11-24 14:54:25.083 [INFO ] o.a.coyote.http11.Http11NioProtocol      : Starting ProtocolHandler ["http-nio-8902"]
2021-11-24 14:54:25.134 [INFO ] o.s.b.w.embedded.tomcat.TomcatWebServer  : Tomcat started on port(s): 8902 (http) with context path ''
2021-11-24 14:54:25.141 [INFO ] c.s.s.h.HtapitojectApplication           : Started HtapitojectApplication in 4.195 seconds (JVM running for 6.957)
2021-11-24 14:54:43.260 [INFO ] o.s.s.c.ThreadPoolTaskScheduler          : Shutting down ExecutorService 'taskScheduler'
2021-11-24 14:54:43.264 [INFO ] o.s.s.concurrent.ThreadPoolTaskExecutor  : Shutting down ExecutorService 'applicationTaskExecutor'
