2021-12-18 15:18:16.639 [INFO ] o.s.boot.SpringApplication               : 
 ________  ________  ___
|\   ____\|\   __  \|\  \
\ \  \___|\ \  \|\  \ \  \
 \ \  \  __\ \  \\\  \ \  \
  \ \  \|\  \ \  \\\  \ \__\
   \ \_______\ \_______\|__|
    \|_______|\|_______|   ___
                          |\__\
                          \|__|

   我在人间彷徨，寻不到你的天堂

spring-boot版本: 2.1.5.RELEASE

2021-12-18 15:18:16.775 [INFO ] c.s.s.h.HtapitojectApplication           : Starting HtapitojectApplication on Magic-20190712 with PID 8596 (D:\IdeaProjects\bigscreen\htapitoproject\target\classes started by lt in D:\IdeaProjects\bigscreen\htapitoproject)
2021-12-18 15:18:16.776 [INFO ] c.s.s.h.HtapitojectApplication           : No active profile set, falling back to default profiles: default
2021-12-18 15:18:19.096 [INFO ] o.s.b.w.embedded.tomcat.TomcatWebServer  : Tomcat initialized with port(s): 8902 (http)
2021-12-18 15:18:19.133 [INFO ] o.a.coyote.http11.Http11NioProtocol      : Initializing ProtocolHandler ["http-nio-8902"]
2021-12-18 15:18:19.152 [INFO ] o.apache.catalina.core.StandardService   : Starting service [Tomcat]
2021-12-18 15:18:19.153 [INFO ] org.apache.catalina.core.StandardEngine  : Starting Servlet engine: [Apache Tomcat/9.0.19]
2021-12-18 15:18:19.404 [INFO ] o.a.c.c.C.[Tomcat].[localhost].[/]       : Initializing Spring embedded WebApplicationContext
2021-12-18 15:18:19.405 [INFO ] o.s.web.context.ContextLoader            : Root WebApplicationContext: initialization completed in 2540 ms
2021-12-18 15:18:20.157 [INFO ] com.mchange.v2.log.MLog                  : MLog clients using slf4j logging.
2021-12-18 15:18:20.204 [INFO ] com.mchange.v2.c3p0.C3P0Registry         : Initializing c3p0-0.9.5.2 [built 08-December-2015 22:06:04 -0800; debug? true; trace: 10]
2021-12-18 15:18:20.655 [INFO ] o.s.s.concurrent.ThreadPoolTaskExecutor  : Initializing ExecutorService 'applicationTaskExecutor'
2021-12-18 15:18:21.064 [INFO ] o.s.s.c.ThreadPoolTaskScheduler          : Initializing ExecutorService 'taskScheduler'
2021-12-18 15:18:21.145 [INFO ] o.a.coyote.http11.Http11NioProtocol      : Starting ProtocolHandler ["http-nio-8902"]
2021-12-18 15:18:21.213 [INFO ] o.s.b.w.embedded.tomcat.TomcatWebServer  : Tomcat started on port(s): 8902 (http) with context path ''
2021-12-18 15:18:21.219 [INFO ] c.s.s.h.HtapitojectApplication           : Started HtapitojectApplication in 5.24 seconds (JVM running for 8.974)
2021-12-18 15:19:00.035 [INFO ] com.zaxxer.hikari.HikariDataSource       : HikariPool-1 - Starting...
2021-12-18 15:19:01.336 [INFO ] com.zaxxer.hikari.HikariDataSource       : HikariPool-1 - Start completed.
2021-12-18 15:19:23.107 [INFO ] c.s.s.h.service.CarRecordService         : null
2021-12-18 15:19:23.341 [ERROR] o.s.s.s.TaskUtils$LoggingErrorHandler    : Unexpected error occurred in scheduled task.
java.lang.NullPointerException: null
	at net.minidev.json.parser.JSONParserString.parse(JSONParserString.java:57)
	at net.minidev.json.parser.JSONParser.parse(JSONParser.java:271)
	at com.jayway.jsonpath.spi.json.JsonSmartJsonProvider.parse(JsonSmartJsonProvider.java:62)
	at cn.stephen.study.htapitoproject.utils.JsonUtils.getObject(JsonUtils.java:221)
	at cn.stephen.study.htapitoproject.service.CarRecordService.inserCarRecord(CarRecordService.java:54)
	at cn.stephen.study.htapitoproject.service.CarRecordService$$FastClassBySpringCGLIB$$e518ebd6.invoke(<generated>)
	at org.springframework.cglib.proxy.MethodProxy.invoke(MethodProxy.java:218)
	at org.springframework.aop.framework.CglibAopProxy$CglibMethodInvocation.invokeJoinpoint(CglibAopProxy.java:749)
	at org.springframework.aop.framework.ReflectiveMethodInvocation.proceed(ReflectiveMethodInvocation.java:163)
	at org.springframework.transaction.interceptor.TransactionAspectSupport.invokeWithinTransaction(TransactionAspectSupport.java:295)
	at org.springframework.transaction.interceptor.TransactionInterceptor.invoke(TransactionInterceptor.java:98)
	at org.springframework.aop.framework.ReflectiveMethodInvocation.proceed(ReflectiveMethodInvocation.java:186)
	at org.springframework.aop.framework.CglibAopProxy$DynamicAdvisedInterceptor.intercept(CglibAopProxy.java:688)
	at cn.stephen.study.htapitoproject.service.CarRecordService$$EnhancerBySpringCGLIB$$627bd7dd.inserCarRecord(<generated>)
	at sun.reflect.NativeMethodAccessorImpl.invoke0(Native Method)
	at sun.reflect.NativeMethodAccessorImpl.invoke(NativeMethodAccessorImpl.java:62)
	at sun.reflect.DelegatingMethodAccessorImpl.invoke(DelegatingMethodAccessorImpl.java:43)
	at java.lang.reflect.Method.invoke(Method.java:497)
	at org.springframework.scheduling.support.ScheduledMethodRunnable.run(ScheduledMethodRunnable.java:84)
	at org.springframework.scheduling.support.DelegatingErrorHandlingRunnable.run(DelegatingErrorHandlingRunnable.java:54)
	at org.springframework.scheduling.concurrent.ReschedulingRunnable.run(ReschedulingRunnable.java:93)
	at java.util.concurrent.Executors$RunnableAdapter.call(Executors.java:511)
	at java.util.concurrent.FutureTask.run$$$capture(FutureTask.java:266)
	at java.util.concurrent.FutureTask.run(FutureTask.java)
	at java.util.concurrent.ScheduledThreadPoolExecutor$ScheduledFutureTask.access$201(ScheduledThreadPoolExecutor.java:180)
	at java.util.concurrent.ScheduledThreadPoolExecutor$ScheduledFutureTask.run(ScheduledThreadPoolExecutor.java:293)
	at java.util.concurrent.ThreadPoolExecutor.runWorker(ThreadPoolExecutor.java:1142)
	at java.util.concurrent.ThreadPoolExecutor$Worker.run(ThreadPoolExecutor.java:617)
	at java.lang.Thread.run(Thread.java:745)
2021-12-18 15:19:29.497 [INFO ] o.s.s.c.ThreadPoolTaskScheduler          : Shutting down ExecutorService 'taskScheduler'
2021-12-18 15:19:29.501 [INFO ] o.s.s.concurrent.ThreadPoolTaskExecutor  : Shutting down ExecutorService 'applicationTaskExecutor'
2021-12-18 15:19:29.503 [INFO ] com.zaxxer.hikari.HikariDataSource       : HikariPool-1 - Shutdown initiated...
2021-12-18 15:19:29.526 [INFO ] com.zaxxer.hikari.HikariDataSource       : HikariPool-1 - Shutdown completed.
