2021-12-24 09:13:57.744 [INFO ] o.s.boot.SpringApplication               : 
 ________  ________  ___
|\   ____\|\   __  \|\  \
\ \  \___|\ \  \|\  \ \  \
 \ \  \  __\ \  \\\  \ \  \
  \ \  \|\  \ \  \\\  \ \__\
   \ \_______\ \_______\|__|
    \|_______|\|_______|   ___
                          |\__\
                          \|__|

   我在人间彷徨，寻不到你的天堂

spring-boot版本: 2.1.5.RELEASE

2021-12-24 09:13:57.837 [INFO ] c.s.s.h.HtapitojectApplication           : Starting HtapitojectApplication on DESKTOP-A9OLRBD with PID 11092 (D:\hengtaiproject\htapitoproject\target\classes started by fl-057 in D:\hengtaiproject\htapitoproject)
2021-12-24 09:13:57.838 [INFO ] c.s.s.h.HtapitojectApplication           : No active profile set, falling back to default profiles: default
2021-12-24 09:13:59.425 [INFO ] o.s.b.w.embedded.tomcat.TomcatWebServer  : Tomcat initialized with port(s): 8902 (http)
2021-12-24 09:13:59.443 [INFO ] o.a.coyote.http11.Http11NioProtocol      : Initializing ProtocolHandler ["http-nio-8902"]
2021-12-24 09:13:59.455 [INFO ] o.apache.catalina.core.StandardService   : Starting service [Tomcat]
2021-12-24 09:13:59.456 [INFO ] org.apache.catalina.core.StandardEngine  : Starting Servlet engine: [Apache Tomcat/9.0.19]
2021-12-24 09:13:59.677 [INFO ] o.a.c.c.C.[Tomcat].[localhost].[/]       : Initializing Spring embedded WebApplicationContext
2021-12-24 09:13:59.678 [INFO ] o.s.web.context.ContextLoader            : Root WebApplicationContext: initialization completed in 1777 ms
2021-12-24 09:14:00.333 [INFO ] com.mchange.v2.log.MLog                  : MLog clients using slf4j logging.
2021-12-24 09:14:00.383 [INFO ] com.mchange.v2.c3p0.C3P0Registry         : Initializing c3p0-0.9.5.2 [built 08-December-2015 22:06:04 -0800; debug? true; trace: 10]
2021-12-24 09:14:00.735 [INFO ] o.s.s.concurrent.ThreadPoolTaskExecutor  : Initializing ExecutorService 'applicationTaskExecutor'
2021-12-24 09:14:01.490 [INFO ] o.s.s.c.ThreadPoolTaskScheduler          : Initializing ExecutorService 'taskScheduler'
2021-12-24 09:14:01.654 [INFO ] o.a.coyote.http11.Http11NioProtocol      : Starting ProtocolHandler ["http-nio-8902"]
2021-12-24 09:14:01.708 [INFO ] o.s.b.w.embedded.tomcat.TomcatWebServer  : Tomcat started on port(s): 8902 (http) with context path ''
2021-12-24 09:14:01.714 [INFO ] c.s.s.h.HtapitojectApplication           : Started HtapitojectApplication in 4.483 seconds (JVM running for 8.224)
2021-12-24 09:14:09.472 [INFO ] o.a.c.c.C.[Tomcat].[localhost].[/]       : Initializing Spring DispatcherServlet 'dispatcherServlet'
2021-12-24 09:14:09.472 [INFO ] o.s.web.servlet.DispatcherServlet        : Initializing Servlet 'dispatcherServlet'
2021-12-24 09:14:09.481 [INFO ] o.s.web.servlet.DispatcherServlet        : Completed initialization in 8 ms
2021-12-24 09:14:13.351 [INFO ] com.zaxxer.hikari.HikariDataSource       : HikariPool-1 - Starting...
2021-12-24 09:14:14.185 [INFO ] com.zaxxer.hikari.HikariDataSource       : HikariPool-1 - Start completed.
2021-12-24 09:14:16.864 [INFO ] c.s.s.h.service.CaseService              : 开始执行查询案件接口信息，URL=http://222.175.243.21:45621/api/anjiancx/getAnjian?timestamp=1640308454&sign=oZT76GJPcMHmPd6GKH/Cs9apwALBvO3qwyMSGpwMjbNMChhHgOcMYF68OIkAk90OQPFSfsPXz3KFHNgmd6Z2qOi9UrX8OBPKc7RkfEVHw3ZJMGlEWuoIwBzsrcpaz+wMyxYve6Wm679jD3qUr0QXcMawzZaeXhZ+e3kq28Wgxb2NGQ33uubtVvuzLjWdSQd3mYUDdJvHyet32SOaa02IKC98C14LZLTT8OK9IAWJ+jDwDlY+xi1Rx+XpZXWlxu90C4IjB5o61YUWNliLK2MLdHEr0gtM1n/klwaRFBP+ipSekY0Vyp+m9qmbEy56/cEfYakq2LsYXDBzPe/UvwRKtg==
2021-12-24 09:14:16.865 [INFO ] c.s.s.h.service.CaseService              : 开始执行查询案件接口信息，DATA={"data":"FhK1Xk3BL30ppEvLN7XM8Di0SL1m+dR7hYHWAAjbmGYR5FZgz9OpOe7R+L4AulCU9ApIzol9FZPHgcGxEIUccEeXqCevM1qffZkwCkUTUYc=","key":"QLviYezIvDeNvj5+nkWUPulZgslZ5S41HpNlKT3tSehIPaYz3BrnfPCV1imNUL5UNyodiiRtn8FRr3PIxsfHAD/SgZLLDKkkOgryPPiGXsGHMpwWC/y1JVe3gRmI/V8WZLJRkObv+4VdT/4BkkeCkWSvgUqfaS2zU+dLZ3VEjYh9vKctgaFIHiXD4EtiH5gPRp7M6hUGH5PKmuogBwmWBCywdXLychRFJEDEpIWUwR09gHQbk22PYAxlX2inRVnD9Gfp+notDWjQOQN/V2h3vfMigCRIh4ztAE3QV6ZP2jh81XAoZGRGt9jTVItHk8A/oUXDGGxju5jP6egWvB0W6w=="}
2021-12-24 09:15:26.909 [WARN ] com.zaxxer.hikari.pool.HikariPool        : HikariPool-1 - Thread starvation or clock leap detected (housekeeper delta=1m12s612ms860µs800ns).
2021-12-24 09:17:03.438 [INFO ] c.s.s.h.service.CaseService              : 开始执行查询案件接口信息，URL=http://222.175.243.21:45621/api/anjiancx/getAnjian?timestamp=1640308623&sign=xLzm6YiWWEQycztu+2ckFQm81XEALMwDTs/ac1+yuHNWGYLRlOsxr2pmJoZFFCQCeSR5PM4t9sI1vvx6k2mDfUnupEZzcOiHyPIwhmJ5WN/Mj9fdSNowgI8bA883cRh7QnYDlCULsgt7I1UtEcGW8K1iWsl1a2kE3d4R9fKqnUAUHSDQwc0dooRdEz6LIZfT1lhhf/lQD1/A5Vx63KXLQRM1pJiSk5ynrwMuyR0mu7eQZO8I50uzB7a2IeadCLlQLGoaLp6CQ75nVgA7QvzCq52qQpIdljk9s68WVabSCvTwVFaLD25teSmjjH1hpRavtaaH4G16U4toS9Zx9uEGQg==
2021-12-24 09:17:03.439 [INFO ] c.s.s.h.service.CaseService              : 开始执行查询案件接口信息，DATA={"data":"FhK1Xk3BL30ppEvLN7XM8Di0SL1m+dR7hYHWAAjbmGYR5FZgz9OpOe7R+L4AulCU9ApIzol9FZPHgcGxEIUccEeXqCevM1qffZkwCkUTUYc=","key":"oeP99/TEygvl1vENKbGS1IJNj3ZUQhUf/+0rn5nKJzAKNyivHDmSrDXXCX9f3nkf+0PN8hJrh2DaU1qxxF8mMFgEPEeAFA/jNc4XHCZ3qwx2loc4H/qDowjRcbj4I+/npKSiixatCCGN4CUxNr6olKsQZfkfz4UFIw0sJadljNQCrfHjHSSB+xtr7os4d2lTsa7LfhjSb07w3vf891CFB0PA+feDtp9yuBHx/weTBqUDOuEOFTDp13eVkZmFBZuHHclgX2VvcMP36jsr34uq/0RI/6PYJmFbf+4uln2oZb/55kWCjNnRHp65+SbkMRnyPlFbtOkmxM+sgWkY///53A=="}
2021-12-24 09:17:35.462 [INFO ] o.s.s.c.ThreadPoolTaskScheduler          : Shutting down ExecutorService 'taskScheduler'
2021-12-24 09:17:35.464 [INFO ] o.s.s.concurrent.ThreadPoolTaskExecutor  : Shutting down ExecutorService 'applicationTaskExecutor'
2021-12-24 09:17:35.466 [INFO ] com.zaxxer.hikari.HikariDataSource       : HikariPool-1 - Shutdown initiated...
2021-12-24 09:17:35.478 [INFO ] com.zaxxer.hikari.HikariDataSource       : HikariPool-1 - Shutdown completed.
