2021-11-25 14:06:26.350 [INFO ] o.s.boot.SpringApplication               : 
 ________  ________  ___
|\   ____\|\   __  \|\  \
\ \  \___|\ \  \|\  \ \  \
 \ \  \  __\ \  \\\  \ \  \
  \ \  \|\  \ \  \\\  \ \__\
   \ \_______\ \_______\|__|
    \|_______|\|_______|   ___
                          |\__\
                          \|__|

   我在人间彷徨，寻不到你的天堂

spring-boot版本: 2.1.5.RELEASE

2021-11-25 14:06:26.470 [INFO ] c.s.s.h.HtapitojectApplication           : Starting HtapitojectApplication on Magic-20190712 with PID 16468 (D:\IdeaProjects\bigscreen\htapitoproject\target\classes started by lt in D:\IdeaProjects\bigscreen\htapitoproject)
2021-11-25 14:06:26.470 [INFO ] c.s.s.h.HtapitojectApplication           : No active profile set, falling back to default profiles: default
2021-11-25 14:06:28.179 [INFO ] o.s.b.w.embedded.tomcat.TomcatWebServer  : Tomcat initialized with port(s): 8902 (http)
2021-11-25 14:06:28.202 [INFO ] o.a.coyote.http11.Http11NioProtocol      : Initializing ProtocolHandler ["http-nio-8902"]
2021-11-25 14:06:28.214 [INFO ] o.apache.catalina.core.StandardService   : Starting service [Tomcat]
2021-11-25 14:06:28.215 [INFO ] org.apache.catalina.core.StandardEngine  : Starting Servlet engine: [Apache Tomcat/9.0.19]
2021-11-25 14:06:28.400 [INFO ] o.a.c.c.C.[Tomcat].[localhost].[/]       : Initializing Spring embedded WebApplicationContext
2021-11-25 14:06:28.401 [INFO ] o.s.web.context.ContextLoader            : Root WebApplicationContext: initialization completed in 1861 ms
2021-11-25 14:06:28.929 [INFO ] com.mchange.v2.log.MLog                  : MLog clients using slf4j logging.
2021-11-25 14:06:28.969 [INFO ] com.mchange.v2.c3p0.C3P0Registry         : Initializing c3p0-0.9.5.2 [built 08-December-2015 22:06:04 -0800; debug? true; trace: 10]
2021-11-25 14:06:29.385 [INFO ] o.s.s.concurrent.ThreadPoolTaskExecutor  : Initializing ExecutorService 'applicationTaskExecutor'
2021-11-25 14:06:29.670 [INFO ] o.s.s.c.ThreadPoolTaskScheduler          : Initializing ExecutorService 'taskScheduler'
2021-11-25 14:06:29.754 [INFO ] o.a.coyote.http11.Http11NioProtocol      : Starting ProtocolHandler ["http-nio-8902"]
2021-11-25 14:06:29.807 [INFO ] o.s.b.w.embedded.tomcat.TomcatWebServer  : Tomcat started on port(s): 8902 (http) with context path ''
2021-11-25 14:06:29.814 [INFO ] c.s.s.h.HtapitojectApplication           : Started HtapitojectApplication in 4.016 seconds (JVM running for 7.667)
2021-11-25 14:06:45.114 [INFO ] o.s.s.c.ThreadPoolTaskScheduler          : Shutting down ExecutorService 'taskScheduler'
2021-11-25 14:06:45.117 [INFO ] o.s.s.concurrent.ThreadPoolTaskExecutor  : Shutting down ExecutorService 'applicationTaskExecutor'
